d:\spotifyuidesign_copy\spotifyuidesign\x64\debug\vc143.pdb
d:\spotifyuidesign_copy\spotifyuidesign\x64\debug\.netframework,version=v4.7.2.assemblyattributes.obj
d:\spotifyuidesign_copy\spotifyuidesign\x64\debug\user.obj
d:\spotifyuidesign_copy\spotifyuidesign\x64\debug\song.obj
d:\spotifyuidesign_copy\spotifyuidesign\x64\debug\signup.obj
d:\spotifyuidesign_copy\spotifyuidesign\x64\debug\playlist.obj
d:\spotifyuidesign_copy\spotifyuidesign\x64\debug\linkedlist.obj
d:\spotifyuidesign_copy\spotifyuidesign\x64\debug\home2.obj
d:\spotifyuidesign_copy\spotifyuidesign\x64\debug\btree.obj
d:\spotifyuidesign_copy\spotifyuidesign\x64\debug\spotifyuidesign.home2.resources
d:\spotifyuidesign_copy\spotifyuidesign\x64\debug\spotifyuidesign.signup.resources
d:\spotifyuidesign_copy\spotifyuidesign\x64\debug\spotifyuidesign.vcxproj.generateresource.cache
d:\spotifyuidesign_copy\spotifyuidesign\x64\debug\spotifyuidesign.vcxproj.suggestedbindingredirects.cache
d:\spotifyuidesign_copy\x64\debug\spotifyuidesign.exe
d:\spotifyuidesign_copy\spotifyuidesign\x64\debug\spotifyuidesign.tlog\cl.command.1.tlog
d:\spotifyuidesign_copy\spotifyuidesign\x64\debug\spotifyuidesign.tlog\cl.read.1.tlog
d:\spotifyuidesign_copy\spotifyuidesign\x64\debug\spotifyuidesign.tlog\cl.write.1.tlog
d:\spotifyuidesign_copy\spotifyuidesign\x64\debug\spotifyuidesign.tlog\link.command.1.tlog
d:\spotifyuidesign_copy\spotifyuidesign\x64\debug\spotifyuidesign.tlog\link.read.1.tlog
d:\spotifyuidesign_copy\spotifyuidesign\x64\debug\spotifyuidesign.tlog\link.write.1.tlog
d:\spotifyuidesign_copy\spotifyuidesign\x64\debug\spotifyuidesign.tlog\metagen.read.1.tlog
d:\spotifyuidesign_copy\spotifyuidesign\x64\debug\spotifyuidesign.tlog\metagen.write.1.tlog
d:\spotifyuidesign_copy\spotifyuidesign\x64\debug\spotifyuidesign.tlog\spotifyuidesign.write.1u.tlog
